         w __deregister_frame_info
         w _ITM_deregisterTMCloneTable
         w _ITM_registerTMCloneTable
         w _Jv_RegisterClasses
         w __register_frame_info
00000000 b .LANCHOR1
00000000 a shift
00000000 a shift
00000000 b _TLS_MODULE_BASE_
00000000 00002000 b tmp_buffer.6684
00001ff8 b .LANCHOR2
00002000 00000401 b __fixedpath
00002404 00000802 b __utf16path
00002c08 00000802 b __utf16path_old.6755
00100000 T _start
00100000 T __start__
00100008 T __service_ptr
0010000c T __apt_appid
00100010 T __heap_size
00100014 T __linear_heap_size
00100018 T __system_arglist
0010001c T __system_runflags
00100020 t startup
00100058 t ClearMem
0010006c t ClrLoop
00100094 T _init
001000ac t deregister_tm_clones
001000dc t register_tm_clones
00100114 t __do_global_dtors_aux
00100158 t frame_dummy
001001b4 T initSystem
001001f8 T __ctru_exit
00100218 T __aeabi_idiv
00100218 00000220 T __divsi3
00100220 t .divsi3_skip_div0_test
00100438 00000020 T __aeabi_idivmod
00100458 00000004 W __aeabi_idiv0
00100458 00000004 W __aeabi_ldiv0
0010045c T __aeabi_uldivmod
00100498 00000128 T __udivmoddi4
001005c8 00000390 T strcmp
00100960 00000008 t null_write
00100968 00000018 T setDefaultDevice
00100980 000000bc T FindDevice
00100a3c 0000002c T RemoveDevice
00100a68 00000098 T AddDevice
00100b00 00000024 T GetDeviceOpTab
00100b24 0000007c T _close_r
00100ba0 0000006c T _fstat_r
00100c0c 00000008 T _isatty_r
00100c14 00000078 T _lseek_r
00100c8c 00000078 T _read_r
00100d04 00000070 T _sbrk_r
00100d74 00000078 T _write_r
00100dec 00000020 T _exit
00100e0c 000001bc T _concatenate_path
00100fc8 00000154 T chdir
0010111c 000000a0 T getcwd
001011bc 00000008 T __flockfile
001011c4 00000008 T __funlockfile
001011cc 00000018 T __libc_lock_init
001011e4 00000018 T __libc_lock_acquire
001011fc 00000024 T __libc_lock_try_acquire
00101220 00000018 T __libc_lock_release
00101238 00000018 T __libc_lock_close
00101250 00000018 T __libc_lock_init_recursive
00101268 00000018 T __libc_lock_acquire_recursive
00101280 00000024 T __libc_lock_try_acquire_recursive
001012a4 00000018 T __libc_lock_release_recursive
001012bc 00000018 T __libc_lock_close_recursive
001012d4 00000044 T __free_handle
00101318 0000003c T __release_handle
00101354 00000078 T __alloc_handle
001013cc 0000001c T __get_handle
001013e8 000000a4 T dup
0010148c 0000010c T dup2
00101598 00000028 T __getreent
001015c0 T __aeabi_uidiv
001015c0 000001ec T __udivsi3
001015c0 t .udivsi3_skip_div0_test
001017ac 00000020 T __aeabi_uidivmod
001017cc 00000060 T printLog
0010182c 00000064 T pauseExit
00101890 00000018 T socShutdown
001018a8 00000080 T failExit
00101928 00000184 T requestChunk
00101aac 0000048c T getFrame
00101f38 00000080 T sendMouseEvent
00101fb8 00000398 T main
00102350 00000050 t njDecodeLength
001023a0 000000fc t njShowBits.part.0
0010249c 000000d4 t njGetVLC
00102570 00000018 T njInit
00102588 00000060 T njDone
001025e8 00001b54 T njDecode
0010413c 00000010 T njGetWidth
0010414c 00000010 T njGetHeight
0010415c 00000018 T njIsColor
00104174 00000020 T njGetImage
00104194 00000020 T njGetImageSize
001041b4 00000058 t getSysTime
0010420c 00000024 T osGetMemRegionUsed
00104230 000000f4 T __libctru_gtod
00104328 00000034 T __ctru_speedup_config
0010435c 00000018 T usleep
00104374 0000001c T debug_write
00104390 000001ac T consoleDrawChar
0010453c 00000128 T consolePrintChar
00104664 00000184 t consoleCls
001047e8 000000f8 T consoleInit
001048e0 00000138 t consoleClearLine
00104a18 000000b8 t newRow
00104ad0 00000870 T con_write
00105340 0000008c t gfxSetFramebufferInfo.part.0
001053cc 00000018 T __get_bytes_per_pixel
001053e4 00000174 T gfxSetScreenFormat
00105558 00000014 T gfxSetDoubleBuffering
0010556c 00000070 T gfxSetFramebufferInfo
001055dc 00000088 T gfxWriteFramebufferInfo
00105664 000001fc T gfxInit
00105860 00000010 T gfxInitDefault
00105870 000000e0 T gfxExit
00105950 000000b0 T gfxGetFramebuffer
00105a00 000000cc T gfxFlushBuffers
00105acc 00000070 T gfxConfigScreen
00105b3c 00000020 T gfxSwapBuffers
00105b5c 00000020 T gfxSwapBuffersGpu
00105b7c 00000154 t gspEventThreadMain
00105cd0 00000074 T gspInit
00105d44 0000003c T gspExit
00105d80 00000084 T gspInitEventHandler
00105e04 00000030 T gspExitEventHandler
00105e34 00000044 T gspWaitForEvent
00105e78 0000006c T GSPGPU_SetBufferSwap
00105ee4 0000004c T GSPGPU_FlushDataCache
00105f30 00000034 T GSPGPU_SetLcdForceBlack
00105f64 00000064 T GSPGPU_RegisterInterruptRelayQueue
00105fc8 0000002c T GSPGPU_UnregisterInterruptRelayQueue
00105ff4 00000048 T GSPGPU_AcquireRight
0010603c 0000002c T GSPGPU_ReleaseRight
00106068 00000080 T GSPGPU_ImportDisplayCaptureInfo
001060e8 0000002c T GSPGPU_SaveVramSysArea
00106114 0000002c T GSPGPU_RestoreVramSysArea
00106140 000000d8 T hidExit
00106218 00000238 T hidScanInput
00106450 00000010 T hidKeysHeld
00106460 00000010 T hidKeysDown
00106470 00000018 T hidCircleRead
00106488 00000090 T HIDUSER_GetHandles
00106518 00000184 T hidInit
0010669c 00000004 W _aptDebug
001066a0 0000012c T aptSendCommand
001067cc 0000003c t aptExitProcess
00106808 0000004c T APT_InquireNotification
00106854 00000198 t aptEventHandler
001069ec 00000074 T APT_AppletUtility
00106a60 000000b0 T aptSetSleepAllowed
00106b10 000000b4 T APT_GlanceParameter
00106bc4 000000c0 T APT_ReceiveParameter
00106c84 000000a8 t aptReceiveParameter.constprop.1
00106d30 000001d8 t aptScreenTransfer
00106f08 00000224 t aptWaitForWakeUp
0010712c 00000070 T APT_CancelParameter
0010719c 0000021c T aptInit
001073b8 00000088 t aptClearParamQueue
00107440 00000208 T aptMainLoop
00107648 00000148 T aptExit
00107790 00000070 T APT_CheckNew3DS
00107800 00000070 T ptmSysmInit
00107870 00000034 T ptmSysmExit
001078a4 00000034 T PTMSYSM_ConfigureNew3DSCPU
001078d8 00000024 T inet_addr
001078fc 00000184 T connect
00107a80 00000170 T socket
00107bf0 00000020 T recv
00107c10 00000010 t soc_open
00107c20 00000030 t soc_read
00107c50 00000030 t soc_write
00107c80 00000098 t soc_close
00107d18 00000140 T socInit
00107e58 00000088 T socExit
00107ee0 0000003c T _net_convert_error
00107f1c 00000160 T socuipc_cmd9
0010807c 00000164 T socuipc_cmda
001081e0 00000024 T soc_sendto
00108204 00000098 T sendto
0010829c 000001c8 T inet_aton
00108464 00000140 T socuipc_cmd7
001085a4 00000154 T socuipc_cmd8
001086f8 00000024 T soc_recvfrom
0010871c 00000098 T recvfrom
001087b4 00000020 T send
001087d4 00000038 W __libctru_init
0010880c 00000030 t __ctru_get_reent
0010883c 000000e4 T __system_initSyscalls
00108920 00000058 t osGetMemRegionSize
00108978 00000104 W __system_allocateHeaps
00108a7c 000000f0 T __system_initArgv
00108b6c T svcControlMemory
00108b8c T svcExitProcess
00108b94 T svcCreateThread
00108bb4 T svcExitThread
00108bbc T svcSleepThread
00108bc4 T svcReleaseMutex
00108bcc T svcCreateEvent
00108be0 T svcSignalEvent
00108be8 T svcClearEvent
00108bf0 T svcCreateMemoryBlock
00108c08 T svcMapMemoryBlock
00108c10 T svcUnmapMemoryBlock
00108c18 T svcCreateAddressArbiter
00108c2c T svcArbitrateAddress
00108c44 T svcCloseHandle
00108c4c T svcWaitSynchronization
00108c54 T svcWaitSynchronizationN
00108c7c T svcDuplicateHandle
00108c90 T svcGetSystemTick
00108c98 T svcGetSystemInfo
00108cb0 T svcConnectToPort
00108cc4 T svcSendSyncRequest
00108ccc T svcBreak
00108cd4 T svcOutputDebugString
00108cdc 00000024 t addrMapNodeComparator(rbtree_node const*, rbtree_node const*)
00108d00 00000004 t addrMapNodeDestructor(rbtree_node*)
00108d04 00000130 T vramMemAlign
00108e34 00000008 T vramAlloc
00108e3c 00000050 T vramFree
00108e8c 00000024 t addrMapNodeComparator(rbtree_node const*, rbtree_node const*)
00108eb0 00000004 t addrMapNodeDestructor(rbtree_node*)
00108eb4 000000f4 T mappableAlloc
00108fa8 00000050 T mappableFree
00108ff8 00000024 t addrMapNodeComparator(rbtree_node const*, rbtree_node const*)
0010901c 00000004 t addrMapNodeDestructor(rbtree_node*)
00109020 00000140 T linearMemAlign
00109160 00000008 T linearAlloc
00109168 00000050 T linearFree
001091b8 0000009c T MemPool::CoalesceRight(MemBlock*)
00109254 00000178 T MemPool::Allocate(MemChunk&, unsigned long, int)
001093cc 00000100 T MemPool::Deallocate(MemChunk const&)
001094cc 00000034 t LightLock_Unlock.part.1
00109500 0000000c T __sync_init
0010950c 00000018 T __sync_fini
00109524 00000010 T __sync_get_arbiter
00109534 00000018 T LightLock_Init
0010954c 00000094 T LightLock_Lock
001095e0 00000034 T LightLock_TryLock
00109614 00000020 T LightLock_Unlock
00109634 00000024 T RecursiveLock_Init
00109658 00000030 T RecursiveLock_Lock
00109688 00000058 T RecursiveLock_TryLock
001096e0 00000038 T RecursiveLock_Unlock
00109718 00000038 T LightEvent_Init
00109750 0000007c T LightEvent_Clear
001097cc 000000dc T LightEvent_Signal
001098a8 000000c8 T LightEvent_Wait
00109970 00000050 T srvExit
001099c0 00000038 T srvRegisterClient
001099f8 00000070 T srvInit
00109a68 00000068 T srvGetServiceHandleDirect
00109ad0 00000038 T srvGetServiceHandle
00109b08 000001c8 T threadCreate
00109cd0 00000024 T threadJoin
00109cf4 0000006c T threadExit
00109d60 00000040 t _thread_begin
00109da0 000000b0 T irrstScanInput
00109e50 0000001c T irrstKeysHeld
00109e6c 00000050 T IRRST_GetHandles
00109ebc 00000148 T irrstInit
0010a004 0000002c T IRRST_Shutdown
0010a030 000000b0 T irrstExit
0010a0e0 00000014 T rbtree_init
0010a0f4 000001d4 t do_insert
0010a2c8 00000008 T rbtree_insert
0010a2d0 000000ac T rbtree_rotate
0010a37c 0000035c T rbtree_remove
0010a6d8 00000070 T rbtree_find
0010a748 0000001c W __appInit
0010a764 0000001c W __appExit
0010a780 000000a4 W __libctru_exit
0010a824 00000094 T envGetHandle
0010a8b8 0000004c T envDestroyHandles
0010a904 00000010 t sdmc_link
0010a914 00000010 t sdmc_dirreset
0010a924 00000010 t sdmc_chmod
0010a934 00000010 t sdmc_fchmod
0010a944 00000024 t error_cmp
0010a968 00000050 t sdmc_translate_error
0010a9b8 00000034 t sdmc_fsync
0010a9ec 00000054 t sdmc_ftruncate
0010aa40 000000ac t sdmc_statvfs
0010aaec 00000038 t sdmc_dirclose
0010ab24 0000013c t sdmc_dirnext
0010ac60 00000034 t sdmc_close
0010ac94 00000074 t sdmc_fstat
0010ad08 000000c0 t sdmc_seek
0010adc8 0000008c t sdmc_read
0010ae54 00000110 t sdmc_write_safe
0010af64 000001b4 t sdmc_utf16path
0010b118 00000074 t sdmc_rmdir
0010b18c 000000a4 t sdmc_diropen
0010b230 000000a0 t sdmc_chdir
0010b2d0 00000098 t sdmc_mkdir
0010b368 00000108 t sdmc_rename
0010b470 00000074 t sdmc_unlink
0010b4e4 00000108 t sdmc_stat
0010b5ec 00000188 t sdmc_open
0010b774 0000015c T sdmcInit
0010b8d0 00000054 T sdmcExit
0010b924 00000028 t fsSessionForArchive.part.0
0010b94c 000000cc T fsInit
0010ba18 00000038 T fsExit
0010ba50 00000074 T fsExemptFromSession
0010bac4 00000054 T fsUnexemptFromSession
0010bb18 000000bc T FSUSER_OpenFile
0010bbd4 000000a4 T FSUSER_DeleteFile
0010bc78 000000e0 T FSUSER_RenameFile
0010bd58 000000a4 T FSUSER_DeleteDirectory
0010bdfc 000000bc T FSUSER_CreateFile
0010beb8 000000ac T FSUSER_CreateDirectory
0010bf64 000000e0 T FSUSER_RenameDirectory
0010c044 000000a4 T FSUSER_OpenDirectory
0010c0e8 00000098 T FSUSER_OpenArchive
0010c180 00000074 T FSUSER_CloseArchive
0010c1f4 00000078 T FSUSER_GetSdmcArchiveResource
0010c26c 00000064 T FSUSER_IsSdmcWritable
0010c2d0 0000005c T FSFILE_Read
0010c32c 00000064 T FSFILE_Write
0010c390 0000003c T FSFILE_GetSize
0010c3cc 0000002c T FSFILE_SetSize
0010c3f8 0000003c T FSFILE_Close
0010c434 00000024 T FSFILE_Flush
0010c458 00000054 T FSDIR_Read
0010c4ac 0000003c T FSDIR_Close
0010c4e8 0000008c T rbtree_node_next
0010c574 000000e4 T utf16_to_utf8
0010c658 00000060 T decode_utf16
0010c6b8 00000138 T decode_utf8
0010c7f0 000000bc T utf8_to_utf16
0010c8ac T __aeabi_read_tp
0010c8b8 00000068 T encode_utf16
0010c920 00000104 T encode_utf8
0010ca24 00000014 T atexit
0010ca38 00000078 T bsearch
0010cab0 0000000c T __errno
0010cabc 00000034 T exit
0010caf0 0000003c T __libc_fini_array
0010cb2c 00000118 T _fwrite_r
0010cc44 00000038 T fwrite
0010cc7c 00000078 T __libc_init_array
0010ccf4 00000020 T memalign
0010cd14 0000015c T _memalign_r
0010ce70 00000018 T malloc
0010ce88 00000018 T free
0010cea0 000007a8 T _malloc_r
0010d648 00000100 T memchr
0010d748 000000f0 T memcpy
0010d838 000000f4 T memset
0010d92c 0000000c T __malloc_lock
0010d938 0000000c T __malloc_unlock
0010d944 000001fc T setvbuf
0010db40 00000074 T sscanf
0010dbb4 00000030 T __sread
0010dbe4 00000008 T __seofread
0010dbec 00000054 T __swrite
0010dc40 0000002c T __sseek
0010dc6c 00000008 T __sclose
0010dc74 0000063c T _strerror_r
0010e2b0 00000020 T strerror
0010e2d0 0000005c T strlen
0010e32c 000000a4 T strncat
0010e3d0 000000e0 T strncpy
0010e4b0 00002c20 T __ssvfscanf_r
001110d0 00000018 T close
001110e8 00000008 T _user_strerror
001110f0 000000a4 t __sprint_r.part.0
00111194 0000001c T __sprint_r
001111b0 00000024 T vprintf
001111d4 0000008c T _wcrtomb_r
00111260 00000020 T _wcsrtombs_r
00111280 00000114 T __utf8_wctomb
00111394 00000148 T __swsetup_r
001114dc 000000fc T __register_exitproc
001115d8 00000174 T __call_exitprocs
0011174c 00000230 T __sflush_r
0011197c 00000090 T _fflush_r
00111a0c 0000000c T _cleanup_r
00111a18 00000080 t std.isra.0
00111a98 0000008c T __sinit
00111b24 0000000c T __sfp_lock_acquire
00111b30 0000000c T __sfp_lock_release
00111b3c 00000124 T __fputwc
00111c60 000000a8 T _fputwc_r
00111d08 000000f8 T _malloc_trim_r
00111e00 000002e4 T _free_r
001120e4 000004a4 T __sfvwrite_r
00112588 00000080 T _fwalk_reent
00112608 00000074 T iswspace
0011267c 00000204 t __jp2uc
00112880 00000084 T _jp2uc
00112904 0000000c T __locale_charset
00112910 00000010 T __locale_mb_cur_max
00112920 0000000c T _localeconv_r
0011292c 00000160 T __smakebuf_r
00112a8c 00000098 T _mbrtowc_r
00112b24 000002fc T __utf8_mbtowc
00112e20 00000128 T memmove
00112f48 000004c0 T _realloc_r
00113408 000000d0 T __sccl
001134d8 0000000c T nanf
001134e4 00000074 T __fpclassifyd
00113558 00000068 T sprintf
001135c0 00000108 T stpncpy
001136c8 0000015c T strchr
00113824 0000011c T strncmp
00113940 00000058 t sulp
00113998 0000144c T _strtod_r
00114de8 0000025c T _strtoll_r
00115044 000001d4 T _strtol_r
00115218 00000264 T _strtoull_r
00115480 000001d4 T _strtoul_r
00115654 000001a8 T __ssprint_r
001157fc 000000f8 T _sungetc_r
001158f4 0000006c T __ssrefill_r
00115960 000000c8 T _sfread_r
00115a28 0000161c t get_arg
00117048 000049fc T _svfprintf_r
0011ba48 000000a8 T __submore
0011baf0 0000161c t get_arg
0011d110 00004878 T _vfprintf_r
00121988 000000cc t __sbprintf
00121a54 00000124 T __swbuf_r
00121b78 00000190 T _wcsnrtombs_r
00121d08 000001bc t quorem
00121ec8 000012c8 T _dtoa_r
00123190 00000120 T _fclose_r
001232b0 000000ec t rshift
0012339c 000007d0 T __gethex
00123b6c 00000258 T __hexnan
00123dc4 0000008c T _Balloc
00123e50 0000001c T _Bfree
00123e6c 000000d0 T __multadd
00123f3c 000000e4 T __s2b
00124020 0000005c T __hi0bits
0012407c 00000098 T __lo0bits
00124114 00000020 T __i2b
00124134 000001dc T __multiply
00124310 00000100 T __pow5mult
00124410 000000f0 T __lshift
00124500 00000064 T __mcmp
00124564 00000198 T __mdiff
001246fc 00000078 T __ulp
00124774 000000d4 T __b2d
00124848 00000104 T __d2b
0012494c 00000078 T __ratio
001249c4 0000006c T __copybits
00124a30 00000080 T __any_on
00124ab0 00000094 T frexp
00124b48 00000090 T _calloc_r
00124bd8 0000005c T strnlen
00124c34 00000044 T strrchr
00124c78 T _fini
00125000 00000040 r njZZ
00125040 00000068 r dotab_3dmoo
001250a8 00000068 r dotab_stdout
00125110 00000068 r dotab_null
00125178 00000030 r colorTable
001251a8 00000014 r CSWTCH.28
001251bc 00000008 r framebufferInfoSt
001251c4 0000000c r serviceNameTable.6351
001251d0 0000004d r _net_error_code_map
00125220 R default_font_bin
00125a20 R default_font_bin_end
00125a20 R default_font_bin_size
00125a24 00000030 r error_table
00125a60 00000068 R dotab_stdnull
00125ac8 00000003 R DIRECTORY_PARENT
00125acc 00000002 R DIRECTORY_THIS
00125ad0 00000002 R DIRECTORY_SEPARATOR
00125fac 00000101 R _ctype_
001260b0 00000004 R _global_impure_ptr
001267b4 00000022 r basefix.7044
001267e0 000000bc r a1
0012689c 000000bc r a2
00126958 0000005b r a3
001269b4 00000070 r a6
00126a24 000000a2 r a7
00126ac8 00000040 r a8
00126b1c 0000172a r b02cf
00128248 00001a7c r d02f4
00129dd8 00000014 r fpinan.5417
00129dfc 00000014 r fpi.5381
00129e10 00000028 r tinytens
00129e38 0000006c R __state_table
00129ea4 00000100 R __chclass
00129fa4 0000006c R __action_table
0012a010 00000010 r blanks.7122
0012a060 r .LC2
0012a064 00000010 r zeroes.7123
0012a074 00000010 r zeroes.7138
0012a084 00000010 r blanks.7137
0012a0a4 00000100 R __hexdig
0012a1a8 000000c8 R __mprec_tens
0012a270 0000000c r p05.5412
0012a280 00000028 R __mprec_bigtens
0012a2b0 r __EH_FRAME_BEGIN__
0012a2b0 R __exidx_end
0012a2b0 R __exidx_start
0012b000 00000001 d logging
0012b004 0000004c D defaultConsole
0012b050 00000004 D currentConsole
0012b054 00000001 d firstConsoleInit.6662
0012b058 00000001 d topFormat
0012b059 00000001 d botFormat
0012b05c 00000008 d doubleBuf
0012b064 00000004 d gspLastEvent
0012b068 00000004 d aptFlags
0012b06c 00000068 d soc_devoptab
0012b0d4 00000004 V __ctru_linear_heap_size
0012b0d8 W __stacksize__
0012b0dc 00000401 d __cwd
0012b4e0 00000068 d sdmc_devoptab
0012b548 00000004 d defaultDevice
0012b54c 00000040 D devoptab_list
0012b58c 00001000 d _current_working_directory
0012c58c 0000000c d __stdin_handle
0012c598 0000000c d __stdout_handle
0012c5a4 0000000c d __stderr_handle
0012c5b0 00000004 d __hndl_lock
0012c5b4 00001000 d handles
0012d5b4 00000004 D __ctype_ptr__
0012d5b8 00000440 d impure_data
0012d9f8 00000004 D _impure_ptr
0012d9fc 00000408 D __malloc_av_
0012de04 00000004 D __malloc_trim_threshold
0012de08 00000004 D __malloc_sbrk_base
0012de0c 0000000c d __malloc_lock_object
0012de18 00000004 D __wctomb
0012de1c 0000000c D __atexit_lock
0012de28 0000000c d __sfp_lock
0012de34 0000000c d __sinit_lock
0012de40 00000038 d lconv
0012de78 00000020 d lc_ctype_charset
0012de98 00000004 D __mb_cur_max
0012de9c 00000004 D __mbtowc
0012dea0 t __frame_dummy_init_array_entry
0012dea0 T __init_array_start
0012dea0 d __JCR_LIST__
0012dea0 B __preinit_array_end
0012dea0 B __preinit_array_start
0012dea0 D __tdata_lma
0012dea0 D __tdata_lma_end
0012dea0 D __TMC_END__
0012dea0 d __TMC_LIST__
0012dea4 t __do_global_dtors_aux_fini_array_entry
0012dea4 T __fini_array_start
0012dea4 T __init_array_end
0012dea8 T __bss_start__
0012dea8 b completed.6505
0012dea8 T __fini_array_end
0012deac b object.6510
0012dec4 000802c8 b nj
001ae18c 00000010 b counts.5138
001ae19c 00000001 V __ctru_speedup
001ae1a0 00000001 b enable3d
001ae1a4 00000004 b screenAlloc
001ae1a8 00000004 b screenFree
001ae1ac 00000002 b currentBuffer
001ae1b0 00000001 b gspRunEvents
001ae1b4 00000004 b gspEvent
001ae1b8 00000004 b gspEventData
001ae1bc 0000001c b gspEventCb
001ae1d8 00000007 b gspEventCbOneShot
001ae1e0 0000001c b gspEventCbData
001ae1fc 00000038 b gspEvents
001ae234 0000001c b gspEventCounts
001ae250 00000004 b gspRefCount
001ae254 00000004 b gspEventThread
001ae258 00000004 b hidRefCount
001ae25c 00000004 b kOld
001ae260 00000004 b kHeld
001ae264 00000004 b cPos
001ae268 00000004 b tPos
001ae26c 00000006 b aVec
001ae274 00000006 b gRate
001ae27c 00000004 b kDown
001ae280 00000004 b kUp
001ae284 00000004 b aptLockHandle
001ae288 00000004 b serviceName.6350
001ae28c 0000000c b aptFirstHook
001ae298 00000004 b aptMessageFunc
001ae29c 00000004 b aptMessageFuncData
001ae2a0 0000000c b aptEvents
001ae2ac 00000001 b aptHomeButtonState
001ae2b0 00000008 b aptSleepEvent
001ae2b8 00001000 b aptParameters
001af2b8 00000004 b aptRefCount
001af2bc 00000004 b aptEventHandlerThread
001af2c0 00000001 b flagInit.6701
001af2c1 00000001 b flagValue.6702
001af2c4 00000004 b ptmSysmRefCount
001af2c8 00000004 b ptmSysmHandle
001af2cc 00000004 B h_errno
001af2d0 00000004 B socMemhandle
001af2d4 00000004 B SOCU_handle
001af2d8 00000004 V __ctru_heap_size
001af2dc b saved_stack
001af2e4 00000008 b sVramPool
001af2ec 0000000c b sAddrMap
001af2f8 00000008 b sMappablePool
001af300 0000000c b sAddrMap
001af30c 00000008 b sLinearPool
001af314 0000000c b sAddrMap
001af320 00000004 b arbiter
001af324 00000004 b srvRefCount
001af328 00000004 b srvHandle
001af32c 00000004 b irrstRefCount
001af330 00000004 b kHeld
001af334 00000004 b csPos
001af338 00000008 b sdmcArchive
001af340 00000001 b sdmcInitialised
001af348 00000004 b fsuHandle
001af34c 00000004 b fsuRefCount
001af350 00000080 b fsExemptArchives
001af3d0 00000004 b heap_start.5704
001af3d4 00000004 B fake_heap_start
001af3d8 00000004 B fake_heap_end
001af3dc 00001000 b temp_cwd
001b03dc 00000038 B __syscalls
001b0414 00000004 B __malloc_max_total_mem
001b0418 00000004 B __malloc_max_sbrked_mem
001b041c 00000004 B __malloc_top_pad
001b0420 00000028 B __malloc_current_mallinfo
001b0448 00000004 B sock
001b044c 0000004c B currentCopy
001b0498 00000008 B gfxBottomFramebuffers
001b04a0 00000004 B gspSharedMemHandle
001b04a4 0000001c B bottomFramebufferInfo
001b04c0 00000004 B gspEvent
001b04c4 00000008 B gfxTopLeftFramebuffers
001b04cc 00000008 B gfxTopRightFramebuffers
001b04d4 0000001c B topFramebufferInfo
001b04f0 00000001 B gfxThreadID
001b04f4 00000004 B gfxSharedMemory
001b04f8 00000004 B gfxTopFramebufferMaxSize
001b04fc 00000004 B gfxBottomFramebufferMaxSize
001b0500 00000004 B gxCmdBuf
001b0504 00000004 B gspGpuHandle
001b0508 00000004 B hidMemHandle
001b050c 00000004 B hidHandle
001b0510 00000004 B hidSharedMem
001b0514 00000014 B hidEvents
001b0528 00000004 B __system_retAddr
001b052c 00000004 B __ctru_linear_heap
001b0530 00000004 B __ctru_heap
001b0534 00000004 B __system_argv
001b0538 00000004 B __system_argc
001b053c 00000004 B irrstHandle
001b0540 00000004 B irrstEvent
001b0544 00000004 B irrstMemHandle
001b0548 00000004 B irrstSharedMem
001b054c B __tls_start
001b3958 B __bss_end__
001b3958 A __end__
001b3958 B __tls_end
